[debug] [2021-10-20T16:55:36.649Z] ----------------------------------------------------------------------
[debug] [2021-10-20T16:55:36.653Z] Command:       C:\Program Files\nodejs\node.exe C:\Users\Walton\AppData\Roaming\npm\node_modules\firebase-tools\lib\bin\firebase.js deploy
[debug] [2021-10-20T16:55:36.654Z] CLI Version:   9.20.0
[debug] [2021-10-20T16:55:36.654Z] Platform:      win32
[debug] [2021-10-20T16:55:36.655Z] Node Version:  v12.16.3
[debug] [2021-10-20T16:55:36.656Z] Time:          Wed Oct 20 2021 22:55:36 GMT+0600 (Bangladesh Standard Time)
[debug] [2021-10-20T16:55:36.657Z] ----------------------------------------------------------------------
[debug] 
[debug] [2021-10-20T16:55:36.756Z] > command requires scopes: ["email","openid","https://www.googleapis.com/auth/cloudplatformprojects.readonly","https://www.googleapis.com/auth/firebase","https://www.googleapis.com/auth/cloud-platform"]
[debug] [2021-10-20T16:55:36.756Z] > authorizing via signed-in user (mntapushi123@gmail.com)
[debug] [2021-10-20T16:55:36.756Z] [iam] checking project health-care-site-2a2e3 for permissions ["firebase.projects.get","firebasehosting.sites.update"]
[debug] [2021-10-20T16:55:36.760Z] >>> HTTP REQUEST POST https://cloudresourcemanager.googleapis.com/v1/projects/health-care-site-2a2e3:testIamPermissions  
 {"permissions":["firebase.projects.get","firebasehosting.sites.update"]}
[debug] [2021-10-20T16:55:41.481Z] <<< HTTP RESPONSE 200 {"content-type":"application/json; charset=UTF-8","vary":"X-Origin, Referer, Origin,Accept-Encoding","date":"Wed, 20 Oct 2021 16:55:39 GMT","server":"ESF","cache-control":"private","x-xss-protection":"0","x-frame-options":"SAMEORIGIN","x-content-type-options":"nosniff","server-timing":"gfet4t7; dur=1173","alt-svc":"h3=\":443\"; ma=2592000,h3-29=\":443\"; ma=2592000,h3-T051=\":443\"; ma=2592000,h3-Q050=\":443\"; ma=2592000,h3-Q046=\":443\"; ma=2592000,h3-Q043=\":443\"; ma=2592000,quic=\":443\"; ma=2592000; v=\"46,43\"","accept-ranges":"none","transfer-encoding":"chunked"}
[debug] [2021-10-20T16:55:41.487Z] > refreshing access token with scopes: []
[debug] [2021-10-20T16:55:41.488Z] >>> HTTP REQUEST POST https://www.googleapis.com/oauth2/v3/token  
 <request body omitted>
[debug] [2021-10-20T16:55:47.232Z] <<< HTTP RESPONSE 200 {"expires":"Mon, 01 Jan 1990 00:00:00 GMT","cache-control":"no-cache, no-store, max-age=0, must-revalidate","pragma":"no-cache","date":"Wed, 20 Oct 2021 16:55:42 GMT","content-type":"application/json; charset=utf-8","vary":"X-Origin, Referer, Origin,Accept-Encoding","server":"scaffolding on HTTPServer2","x-xss-protection":"0","x-frame-options":"SAMEORIGIN","x-content-type-options":"nosniff","alt-svc":"h3=\":443\"; ma=2592000,h3-29=\":443\"; ma=2592000,h3-T051=\":443\"; ma=2592000,h3-Q050=\":443\"; ma=2592000,h3-Q046=\":443\"; ma=2592000,h3-Q043=\":443\"; ma=2592000,quic=\":443\"; ma=2592000; v=\"46,43\"","accept-ranges":"none","transfer-encoding":"chunked"}
[debug] [2021-10-20T16:55:47.406Z] >>> [apiv2][query] GET https://firebase.googleapis.com/v1beta1/projects/health-care-site-2a2e3 [none]
[debug] [2021-10-20T16:55:50.417Z] <<< [apiv2][status] GET https://firebase.googleapis.com/v1beta1/projects/health-care-site-2a2e3 200
[debug] [2021-10-20T16:55:50.417Z] <<< [apiv2][body] GET https://firebase.googleapis.com/v1beta1/projects/health-care-site-2a2e3 {"projectId":"health-care-site-2a2e3","projectNumber":"442443990929","displayName":"health-care-site","name":"projects/health-care-site-2a2e3","resources":{"hostingSite":"health-care-site-2a2e3"},"state":"ACTIVE"}
[info] 
[info] === Deploying to 'health-care-site-2a2e3'...
[info] 
[info] i  deploying hosting 
[debug] [2021-10-20T16:55:50.433Z] > refreshing access token with scopes: ["email","https://www.googleapis.com/auth/cloud-platform","https://www.googleapis.com/auth/cloudplatformprojects.readonly","https://www.googleapis.com/auth/firebase","openid"]
[debug] [2021-10-20T16:55:50.434Z] >>> HTTP REQUEST POST https://www.googleapis.com/oauth2/v3/token  
 <request body omitted>
[debug] [2021-10-20T16:55:54.153Z] <<< HTTP RESPONSE 200 {"pragma":"no-cache","expires":"Mon, 01 Jan 1990 00:00:00 GMT","cache-control":"no-cache, no-store, max-age=0, must-revalidate","date":"Wed, 20 Oct 2021 16:55:52 GMT","content-type":"application/json; charset=utf-8","vary":"X-Origin, Referer, Origin,Accept-Encoding","server":"scaffolding on HTTPServer2","x-xss-protection":"0","x-frame-options":"SAMEORIGIN","x-content-type-options":"nosniff","alt-svc":"h3=\":443\"; ma=2592000,h3-29=\":443\"; ma=2592000,h3-T051=\":443\"; ma=2592000,h3-Q050=\":443\"; ma=2592000,h3-Q046=\":443\"; ma=2592000,h3-Q043=\":443\"; ma=2592000,quic=\":443\"; ma=2592000; v=\"46,43\"","accept-ranges":"none","transfer-encoding":"chunked"}
[debug] [2021-10-20T16:55:54.262Z] >>> HTTP REQUEST POST https://firebasehosting.googleapis.com/v1beta1/sites/health-care-site-2a2e3/versions  
 {"config":{"rewrites":[{"glob":"**","path":"/index.html"}]},"labels":{"deployment-tool":"cli-firebase"}}
[debug] [2021-10-20T16:56:01.952Z] <<< HTTP RESPONSE 200 {"content-type":"application/json; charset=UTF-8","vary":"X-Origin, Referer, Origin,Accept-Encoding","date":"Wed, 20 Oct 2021 16:55:57 GMT","server":"ESF","cache-control":"private","x-xss-protection":"0","x-frame-options":"SAMEORIGIN","x-content-type-options":"nosniff","alt-svc":"h3=\":443\"; ma=2592000,h3-29=\":443\"; ma=2592000,h3-T051=\":443\"; ma=2592000,h3-Q050=\":443\"; ma=2592000,h3-Q046=\":443\"; ma=2592000,h3-Q043=\":443\"; ma=2592000,quic=\":443\"; ma=2592000; v=\"46,43\"","accept-ranges":"none","transfer-encoding":"chunked"}
[info] i  hosting[health-care-site-2a2e3]: beginning deploy... 
[info] i  hosting[health-care-site-2a2e3]: found 28 files in build 
[debug] [2021-10-20T16:56:02.349Z] > refreshing access token with scopes: []
[debug] [2021-10-20T16:56:02.350Z] >>> HTTP REQUEST POST https://www.googleapis.com/oauth2/v3/token  
 <request body omitted>
[debug] [2021-10-20T16:56:02.353Z] [hosting] hash cache [YnVpbGQ] stored for 28 files
[debug] [2021-10-20T16:56:02.353Z] [hosting][hash queue][FINAL] {"max":349,"min":14,"avg":76.32142857142857,"active":0,"complete":28,"success":28,"errored":0,"retried":0,"total":28,"elapsed":365}
[debug] [2021-10-20T16:56:08.061Z] <<< HTTP RESPONSE 200 {"date":"Wed, 20 Oct 2021 16:56:03 GMT","pragma":"no-cache","expires":"Mon, 01 Jan 1990 00:00:00 GMT","cache-control":"no-cache, no-store, max-age=0, must-revalidate","content-type":"application/json; charset=utf-8","vary":"X-Origin, Referer, Origin,Accept-Encoding","server":"scaffolding on HTTPServer2","x-xss-protection":"0","x-frame-options":"SAMEORIGIN","x-content-type-options":"nosniff","alt-svc":"h3=\":443\"; ma=2592000,h3-29=\":443\"; ma=2592000,h3-T051=\":443\"; ma=2592000,h3-Q050=\":443\"; ma=2592000,h3-Q046=\":443\"; ma=2592000,h3-Q043=\":443\"; ma=2592000,quic=\":443\"; ma=2592000; v=\"46,43\"","accept-ranges":"none","transfer-encoding":"chunked"}
[debug] [2021-10-20T16:56:08.233Z] >>> [apiv2][query] POST https://firebasehosting.googleapis.com/v1beta1/sites/health-care-site-2a2e3/versions/04f0cf2533f689fc:populateFiles [none]
[debug] [2021-10-20T16:56:08.233Z] >>> [apiv2][body] POST https://firebasehosting.googleapis.com/v1beta1/sites/health-care-site-2a2e3/versions/04f0cf2533f689fc:populateFiles {"files":{"/favicon.ico":"eae62e993eb980ec8a25058c39d5a51feab118bd2100c4deebb2a9c158ec11f9","/logo192.png":"3ee59515172ee198f3be375979df15ac5345183e656720a381b8872b2a39dc8b","/logo512.png":"ee7e2f3fdb8209c4b6fd7bef6ba50d1b9dba30a25bb5c3126df057e1cb6f5331","/manifest.json":"aff3449bdc238776f5d6d967f19ec491b36aed5fb7f23ccff6500736fd58494a","/robots.txt":"bfe106a3fb878dc83461c86818bf74fc1bdc7f28538ba613cd3e775516ce8b49","/services.json":"679bf9815e262739a003d4f4b5daf1722349fafe10c592b03390d1b7ac7b7813","/asset-manifest.json":"0e5b3a2bba72aba8b774ca9ec02f95ccb6683ed53927f832a328caae21ddfe97","/index.html":"6b04e14726fc13879bc6902d96ccf02d659aefec1de1e387a55f5c5c58ed4210","/static/css/main.8c44998c.chunk.css":"454e7bcf773b7c852e733df56135fbee4f0109483c579043fecd8083d597bde9","/static/css/main.8c44998c.chunk.css.map":"b83051928332430f587ea314eddd30980be34b01b3c54b89472cfaf4b910b44c","/static/js/2.c62cf67e.chunk.js.LICENSE.txt":"68b16697969801057d3e0deb105ae8509867a6ae2629d732d8100d885b17e4c5","/static/js/3.7997ad15.chunk.js":"8ededdd4b7bc8358f55e9b22d87190aa4e0f135278ffb3f198490bc610b379b9","/static/js/3.7997ad15.chunk.js.map":"b8929ed73a3e5613f2835efbde1df5fba82e64ef4cbe203ad7ca500f2b15030a","/static/js/main.e1867851.chunk.js":"d92a95720b9702cd941b4e6cd208039066582b0a42a905020c0cf6cc8d00f73b","/static/js/runtime-main.10d126c0.js":"256207c6a94830e0b9fecfaf80b59b16d07eceb31a025f59cbd39546e978cf89","/static/js/runtime-main.10d126c0.js.map":"e865809bc2910c0175185d1fb8ac2c1ec3c85629370437ad45fb6a3df7d11863","/static/js/main.e1867851.chunk.js.map":"06a8a4622db57f1cb6c86c06b957bba5687e60bcc9ebca5fa9af385ea4fb75f9","/static/media/404.58ae5f76.jpg":"b30f25ee90e353934d5a5a403cd779d29594ee0c85d0a0d9e51313d861b0b634","/static/media/img-03.57056c21.jpg":"124a1dece3ae503098cadb7a935c65967db24afd81f2a0148d932c92c0f9c715","/static/css/2.c1256375.chunk.css":"8acb4e081ecdb0935bf3d2f5e7464f0688948372639174fd7cdc40f5db24bb77","/static/media/bgn-testimonials.3e0f59ff.jpg":"9c7c8f0c07c798d63d7b6ccdbe4504686119cadf7e6b147430adddaa1dc21f5d","/static/media/slider5.80db5724.jpg":"84a086b308b98ac397d9cad984ff0fb364e4297e6a0f09d9f2e80c2bb060a148","/static/js/2.c62cf67e.chunk.js":"437dbcdd883f04674bfcf238d5eecd24c029872754a51c9a435ba35a75f5e0f6","/static/media/slider.24d4ba53.jpg":"83c45a50d952dcee905aaf04f9bb7bf814ee923f788b8ae0254bc1a04dfa8ecd","/static/css/2.c1256375.chunk.css.map":"5a1d7d871e2c5292e4d32d75371cb1b3fe971eaf6ebf47d38c9c730496e51f38","/static/media/slider3.70998309.jpg":"c56137d143c4511c7ee636a342ee3dc532b145cb99bd7dbe0f02e662f669a88c","/static/media/contact.15a7c178.jpg":"c26b19dced3a2ec96d9fd12c252944cbcfaccdefe8078077e25bf75e709302cf","/static/js/2.c62cf67e.chunk.js.map":"d06982d01ac021bd555e5481f60f576f9164a9f16eda1e95fd60f9a884624854"}}
[debug] [2021-10-20T16:56:12.839Z] <<< [apiv2][status] POST https://firebasehosting.googleapis.com/v1beta1/sites/health-care-site-2a2e3/versions/04f0cf2533f689fc:populateFiles 200
[debug] [2021-10-20T16:56:12.839Z] <<< [apiv2][body] POST https://firebasehosting.googleapis.com/v1beta1/sites/health-care-site-2a2e3/versions/04f0cf2533f689fc:populateFiles {"uploadRequiredHashes":["454e7bcf773b7c852e733df56135fbee4f0109483c579043fecd8083d597bde9","b83051928332430f587ea314eddd30980be34b01b3c54b89472cfaf4b910b44c","6b04e14726fc13879bc6902d96ccf02d659aefec1de1e387a55f5c5c58ed4210","0e5b3a2bba72aba8b774ca9ec02f95ccb6683ed53927f832a328caae21ddfe97"],"uploadUrl":"https://upload-firebasehosting.googleapis.com/upload/sites/health-care-site-2a2e3/versions/04f0cf2533f689fc/files"}
[debug] [2021-10-20T16:56:12.850Z] >>> [apiv2][query] POST https://upload-firebasehosting.googleapis.com/upload/sites/health-care-site-2a2e3/versions/04f0cf2533f689fc/files/454e7bcf773b7c852e733df56135fbee4f0109483c579043fecd8083d597bde9 [none]
[debug] [2021-10-20T16:56:12.850Z] >>> [apiv2][body] POST https://upload-firebasehosting.googleapis.com/upload/sites/health-care-site-2a2e3/versions/04f0cf2533f689fc/files/454e7bcf773b7c852e733df56135fbee4f0109483c579043fecd8083d597bde9 [stream]
[debug] [2021-10-20T16:56:12.859Z] >>> [apiv2][query] POST https://upload-firebasehosting.googleapis.com/upload/sites/health-care-site-2a2e3/versions/04f0cf2533f689fc/files/b83051928332430f587ea314eddd30980be34b01b3c54b89472cfaf4b910b44c [none]
[debug] [2021-10-20T16:56:12.860Z] >>> [apiv2][body] POST https://upload-firebasehosting.googleapis.com/upload/sites/health-care-site-2a2e3/versions/04f0cf2533f689fc/files/b83051928332430f587ea314eddd30980be34b01b3c54b89472cfaf4b910b44c [stream]
[debug] [2021-10-20T16:56:12.863Z] >>> [apiv2][query] POST https://upload-firebasehosting.googleapis.com/upload/sites/health-care-site-2a2e3/versions/04f0cf2533f689fc/files/6b04e14726fc13879bc6902d96ccf02d659aefec1de1e387a55f5c5c58ed4210 [none]
[debug] [2021-10-20T16:56:12.863Z] >>> [apiv2][body] POST https://upload-firebasehosting.googleapis.com/upload/sites/health-care-site-2a2e3/versions/04f0cf2533f689fc/files/6b04e14726fc13879bc6902d96ccf02d659aefec1de1e387a55f5c5c58ed4210 [stream]
[debug] [2021-10-20T16:56:12.868Z] >>> [apiv2][query] POST https://upload-firebasehosting.googleapis.com/upload/sites/health-care-site-2a2e3/versions/04f0cf2533f689fc/files/0e5b3a2bba72aba8b774ca9ec02f95ccb6683ed53927f832a328caae21ddfe97 [none]
[debug] [2021-10-20T16:56:12.868Z] >>> [apiv2][body] POST https://upload-firebasehosting.googleapis.com/upload/sites/health-care-site-2a2e3/versions/04f0cf2533f689fc/files/0e5b3a2bba72aba8b774ca9ec02f95ccb6683ed53927f832a328caae21ddfe97 [stream]
[debug] [2021-10-20T16:56:12.872Z] [hosting][populate queue][FINAL] {"max":10500,"min":10500,"avg":10500,"active":0,"complete":1,"success":1,"errored":0,"retried":0,"total":1,"elapsed":10523}
[debug] [2021-10-20T16:56:12.872Z] [hosting] uploads queued: 4
[debug] [2021-10-20T16:56:17.890Z] <<< [apiv2][status] POST https://upload-firebasehosting.googleapis.com/upload/sites/health-care-site-2a2e3/versions/04f0cf2533f689fc/files/b83051928332430f587ea314eddd30980be34b01b3c54b89472cfaf4b910b44c 200
[debug] [2021-10-20T16:56:17.891Z] <<< [apiv2][body] POST https://upload-firebasehosting.googleapis.com/upload/sites/health-care-site-2a2e3/versions/04f0cf2533f689fc/files/b83051928332430f587ea314eddd30980be34b01b3c54b89472cfaf4b910b44c [stream]
[debug] [2021-10-20T16:56:18.592Z] <<< [apiv2][status] POST https://upload-firebasehosting.googleapis.com/upload/sites/health-care-site-2a2e3/versions/04f0cf2533f689fc/files/0e5b3a2bba72aba8b774ca9ec02f95ccb6683ed53927f832a328caae21ddfe97 200
[debug] [2021-10-20T16:56:18.592Z] <<< [apiv2][body] POST https://upload-firebasehosting.googleapis.com/upload/sites/health-care-site-2a2e3/versions/04f0cf2533f689fc/files/0e5b3a2bba72aba8b774ca9ec02f95ccb6683ed53927f832a328caae21ddfe97 [stream]
[debug] [2021-10-20T16:56:18.804Z] <<< [apiv2][status] POST https://upload-firebasehosting.googleapis.com/upload/sites/health-care-site-2a2e3/versions/04f0cf2533f689fc/files/6b04e14726fc13879bc6902d96ccf02d659aefec1de1e387a55f5c5c58ed4210 200
[debug] [2021-10-20T16:56:18.805Z] <<< [apiv2][body] POST https://upload-firebasehosting.googleapis.com/upload/sites/health-care-site-2a2e3/versions/04f0cf2533f689fc/files/6b04e14726fc13879bc6902d96ccf02d659aefec1de1e387a55f5c5c58ed4210 [stream]
[debug] [2021-10-20T16:56:18.906Z] <<< [apiv2][status] POST https://upload-firebasehosting.googleapis.com/upload/sites/health-care-site-2a2e3/versions/04f0cf2533f689fc/files/454e7bcf773b7c852e733df56135fbee4f0109483c579043fecd8083d597bde9 200
[debug] [2021-10-20T16:56:18.906Z] <<< [apiv2][body] POST https://upload-firebasehosting.googleapis.com/upload/sites/health-care-site-2a2e3/versions/04f0cf2533f689fc/files/454e7bcf773b7c852e733df56135fbee4f0109483c579043fecd8083d597bde9 [stream]
[debug] [2021-10-20T16:56:18.907Z] [hosting][upload queue][FINAL] {"max":6067,"min":5047,"avg":5704.25,"active":0,"complete":4,"success":4,"errored":0,"retried":0,"total":4,"elapsed":6067}
[info] +  hosting[health-care-site-2a2e3]: file upload complete 
[debug] [2021-10-20T16:56:18.908Z] [hosting] deploy completed after 16955ms
[debug] [2021-10-20T16:56:18.913Z] [
  {
    "config": {
      "public": "build",
      "ignore": [
        "firebase.json",
        "**/.*",
        "**/node_modules/**"
      ],
      "rewrites": [
        {
          "source": "**",
          "destination": "/index.html"
        }
      ],
      "site": "health-care-site-2a2e3"
    },
    "site": "health-care-site-2a2e3",
    "version": "sites/health-care-site-2a2e3/versions/04f0cf2533f689fc"
  }
]
[info] i  hosting[health-care-site-2a2e3]: finalizing version... 
[debug] [2021-10-20T16:56:18.915Z] > refreshing access token with scopes: ["email","https://www.googleapis.com/auth/cloud-platform","https://www.googleapis.com/auth/cloudplatformprojects.readonly","https://www.googleapis.com/auth/firebase","openid"]
[debug] [2021-10-20T16:56:18.915Z] >>> HTTP REQUEST POST https://www.googleapis.com/oauth2/v3/token  
 <request body omitted>
[debug] [2021-10-20T16:56:21.285Z] <<< HTTP RESPONSE 200 {"expires":"Mon, 01 Jan 1990 00:00:00 GMT","date":"Wed, 20 Oct 2021 16:56:20 GMT","pragma":"no-cache","cache-control":"no-cache, no-store, max-age=0, must-revalidate","content-type":"application/json; charset=utf-8","vary":"X-Origin, Referer, Origin,Accept-Encoding","server":"scaffolding on HTTPServer2","x-xss-protection":"0","x-frame-options":"SAMEORIGIN","x-content-type-options":"nosniff","alt-svc":"h3=\":443\"; ma=2592000,h3-29=\":443\"; ma=2592000,h3-T051=\":443\"; ma=2592000,h3-Q050=\":443\"; ma=2592000,h3-Q046=\":443\"; ma=2592000,h3-Q043=\":443\"; ma=2592000,quic=\":443\"; ma=2592000; v=\"46,43\"","accept-ranges":"none","transfer-encoding":"chunked"}
[debug] [2021-10-20T16:56:21.366Z] >>> HTTP REQUEST PATCH https://firebasehosting.googleapis.com/v1beta1/sites/health-care-site-2a2e3/versions/04f0cf2533f689fc?updateMask=status  
 {"status":"FINALIZED"}
[debug] [2021-10-20T16:56:24.789Z] <<< HTTP RESPONSE 200 {"content-type":"application/json; charset=UTF-8","vary":"X-Origin, Referer, Origin,Accept-Encoding","date":"Wed, 20 Oct 2021 16:56:23 GMT","server":"ESF","cache-control":"private","x-xss-protection":"0","x-frame-options":"SAMEORIGIN","x-content-type-options":"nosniff","alt-svc":"h3=\":443\"; ma=2592000,h3-29=\":443\"; ma=2592000,h3-T051=\":443\"; ma=2592000,h3-Q050=\":443\"; ma=2592000,h3-Q046=\":443\"; ma=2592000,h3-Q043=\":443\"; ma=2592000,quic=\":443\"; ma=2592000; v=\"46,43\"","accept-ranges":"none","transfer-encoding":"chunked"}
[debug] [2021-10-20T16:56:24.790Z] [hosting] finalized version for health-care-site-2a2e3: {"name":"sites/health-care-site-2a2e3/versions/04f0cf2533f689fc","status":"FINALIZED","config":{"rewrites":[{"glob":"**","path":"/index.html"}]},"labels":{"deployment-tool":"cli-firebase"},"createTime":"2021-10-20T16:55:57.304758Z","createUser":{"email":"mntapushi123@gmail.com"},"finalizeTime":"2021-10-20T16:56:23.526126Z","finalizeUser":{"email":"mntapushi123@gmail.com"}}
[info] +  hosting[health-care-site-2a2e3]: version finalized 
[info] i  hosting[health-care-site-2a2e3]: releasing new version... 
[debug] [2021-10-20T16:56:24.794Z] >>> HTTP REQUEST POST https://firebasehosting.googleapis.com/v1beta1/sites/health-care-site-2a2e3/releases?version_name=sites/health-care-site-2a2e3/versions/04f0cf2533f689fc  
 {"message":null}
[debug] [2021-10-20T16:56:28.512Z] <<< HTTP RESPONSE 200 {"content-type":"application/json; charset=UTF-8","vary":"X-Origin, Referer, Origin,Accept-Encoding","date":"Wed, 20 Oct 2021 16:56:27 GMT","server":"ESF","cache-control":"private","x-xss-protection":"0","x-frame-options":"SAMEORIGIN","x-content-type-options":"nosniff","alt-svc":"h3=\":443\"; ma=2592000,h3-29=\":443\"; ma=2592000,h3-T051=\":443\"; ma=2592000,h3-Q050=\":443\"; ma=2592000,h3-Q046=\":443\"; ma=2592000,h3-Q043=\":443\"; ma=2592000,quic=\":443\"; ma=2592000; v=\"46,43\"","accept-ranges":"none","transfer-encoding":"chunked"}
[debug] [2021-10-20T16:56:28.513Z] [hosting] release: {"name":"sites/health-care-site-2a2e3/releases/1634748986550068","version":{"name":"sites/health-care-site-2a2e3/versions/04f0cf2533f689fc","status":"FINALIZED","config":{"rewrites":[{"glob":"**","path":"/index.html"}]},"labels":{"deployment-tool":"cli-firebase"},"createTime":"2021-10-20T16:55:57.304758Z","createUser":{"email":"mntapushi123@gmail.com"},"finalizeTime":"2021-10-20T16:56:23.526126Z","finalizeUser":{"email":"mntapushi123@gmail.com"}},"type":"DEPLOY","releaseTime":"2021-10-20T16:56:26.550068109Z","releaseUser":{"email":"mntapushi123@gmail.com"}}
[info] +  hosting[health-care-site-2a2e3]: release complete 
[info] 
[info] +  Deploy complete! 
[info] 
[info] Project Console: https://console.firebase.google.com/project/health-care-site-2a2e3/overview
[info] Hosting URL: https://health-care-site-2a2e3.web.app
